15:12:47 [background-preinit] INFO    --- o.h.v.i.u.Version - HV000001: Hibernate Validator 6.2.2.Final
15:12:47 [restartedMain] INFO    --- c.j.j.Java16GiraCanglvApplication - Starting Java16GiraCanglvApplication using Java 17.0.2 on DESKTOP-L093AVC with PID 22704 (D:\JAVA BACK END CYBERSOFT\Springboot\demo\java16-gira-canglv\target\classes started by cangvanle in D:\JAVA BACK END CYBERSOFT\Springboot\demo\java16-gira-canglv)
15:12:47 [restartedMain] INFO    --- c.j.j.Java16GiraCanglvApplication - No active profile set, falling back to 1 default profile: "default"
15:12:47 [restartedMain] INFO    --- o.s.b.d.e.DevToolsPropertyDefaultsPostProcessor - Devtools property defaults active! Set 'spring.devtools.add-properties' to 'false' to disable
15:12:47 [restartedMain] INFO    --- o.s.b.d.e.DevToolsPropertyDefaultsPostProcessor - For additional web related logging consider setting the 'logging.level.web' property to 'DEBUG'
15:12:48 [restartedMain] INFO    --- o.s.d.r.c.RepositoryConfigurationDelegate - Bootstrapping Spring Data JPA repositories in DEFAULT mode.
15:12:48 [restartedMain] INFO    --- o.s.d.r.c.RepositoryConfigurationDelegate - Finished Spring Data repository scanning in 55 ms. Found 3 JPA repository interfaces.
15:12:49 [restartedMain] INFO    --- o.s.b.w.e.t.TomcatWebServer - Tomcat initialized with port(s): 8080 (http)
15:12:49 [restartedMain] INFO    --- o.a.c.h.Http11NioProtocol - Initializing ProtocolHandler ["http-nio-8080"]
15:12:49 [restartedMain] INFO    --- o.a.c.c.StandardService - Starting service [Tomcat]
15:12:49 [restartedMain] INFO    --- o.a.c.c.StandardEngine - Starting Servlet engine: [Apache Tomcat/9.0.58]
15:12:49 [restartedMain] INFO    --- o.a.c.c.C.[.[.[/] - Initializing Spring embedded WebApplicationContext
15:12:49 [restartedMain] INFO    --- o.s.b.w.s.c.ServletWebServerApplicationContext - Root WebApplicationContext: initialization completed in 2029 ms
15:12:50 [restartedMain] INFO    --- c.z.h.HikariDataSource - HikariPool-1 - Starting...
15:12:50 [restartedMain] INFO    --- c.z.h.HikariDataSource - HikariPool-1 - Start completed.
15:12:50 [restartedMain] INFO    --- o.f.c.i.l.VersionPrinter - Flyway Community Edition 8.5.2 by Redgate
15:12:50 [restartedMain] INFO    --- o.f.c.i.l.VersionPrinter - See what's new here: https://flywaydb.org/documentation/learnmore/releaseNotes#8.5.2
15:12:50 [restartedMain] INFO    --- o.f.c.i.l.VersionPrinter - 
15:12:50 [restartedMain] INFO    --- o.f.c.i.d.b.BaseDatabaseType - Database: jdbc:postgresql://localhost:5432/gira (PostgreSQL 14.2)
15:12:50 [restartedMain] INFO    --- o.f.c.i.c.DbValidate - Successfully validated 2 migrations (execution time 00:00.031s)
15:12:50 [restartedMain] INFO    --- o.f.c.i.c.DbMigrate - Current version of schema "public": 3
15:12:50 [restartedMain] INFO    --- o.f.c.i.c.DbMigrate - Schema "public" is up to date. No migration necessary.
15:12:50 [restartedMain] INFO    --- o.h.j.i.u.LogHelper - HHH000204: Processing PersistenceUnitInfo [name: default]
15:12:50 [restartedMain] INFO    --- o.h.Version - HHH000412: Hibernate ORM core version 5.4.33
15:12:50 [restartedMain] INFO    --- o.h.a.c.Version - HCANN000001: Hibernate Commons Annotations {5.1.2.Final}
15:12:50 [restartedMain] INFO    --- o.h.d.Dialect - HHH000400: Using dialect: org.hibernate.dialect.PostgreSQL10Dialect
15:12:51 [restartedMain] INFO    --- o.h.e.t.j.p.i.JtaPlatformInitiator - HHH000490: Using JtaPlatform implementation: [org.hibernate.engine.transaction.jta.platform.internal.NoJtaPlatform]
15:12:51 [restartedMain] INFO    --- o.s.o.j.LocalContainerEntityManagerFactoryBean - Initialized JPA EntityManagerFactory for persistence unit 'default'
15:12:52 [restartedMain] WARN    --- o.s.b.a.o.j.JpaBaseConfiguration$JpaWebConfiguration - spring.jpa.open-in-view is enabled by default. Therefore, database queries may be performed during view rendering. Explicitly configure spring.jpa.open-in-view to disable this warning
15:12:52 [restartedMain] INFO    --- o.s.b.a.e.w.EndpointLinksResolver - Exposing 1 endpoint(s) beneath base path '/actuator'
15:12:52 [restartedMain] INFO    --- s.d.s.w.PropertySourcedRequestMappingHandlerMapping - Mapped URL path [/v2/api-docs] onto method [springfox.documentation.swagger2.web.Swagger2Controller#getDocumentation(String, HttpServletRequest)]
15:12:52 [restartedMain] INFO    --- o.s.b.d.a.OptionalLiveReloadServer - LiveReload server is running on port 35729
15:12:52 [restartedMain] INFO    --- o.a.c.h.Http11NioProtocol - Starting ProtocolHandler ["http-nio-8080"]
15:12:52 [restartedMain] INFO    --- o.s.b.w.e.t.TomcatWebServer - Tomcat started on port(s): 8080 (http) with context path ''
15:12:52 [restartedMain] INFO    --- s.d.s.w.p.DocumentationPluginsBootstrapper - Context refreshed
15:12:52 [restartedMain] INFO    --- s.d.s.w.p.DocumentationPluginsBootstrapper - Found 1 custom documentation plugin(s)
15:12:52 [restartedMain] INFO    --- s.d.s.w.s.ApiListingReferenceScanner - Scanning for api listing references
15:12:52 [restartedMain] INFO    --- c.j.j.Java16GiraCanglvApplication - Started Java16GiraCanglvApplication in 5.643 seconds (JVM running for 6.362)
15:13:16 [http-nio-8080-exec-1] INFO    --- o.a.c.c.C.[.[.[/] - Initializing Spring DispatcherServlet 'dispatcherServlet'
15:13:16 [http-nio-8080-exec-1] INFO    --- o.s.w.s.DispatcherServlet - Initializing Servlet 'dispatcherServlet'
15:13:16 [http-nio-8080-exec-1] INFO    --- o.s.w.s.DispatcherServlet - Completed initialization in 1 ms
15:13:44 [http-nio-8080-exec-5] WARN    --- o.h.e.j.s.SqlExceptionHelper - SQL Error: 0, SQLState: 23505
15:13:44 [http-nio-8080-exec-5] ERROR   --- o.h.e.j.s.SqlExceptionHelper - ERROR: duplicate key value violates unique constraint "gira_user_email_key"
  Detail: Key (email)=(email1) already exists.
15:13:44 [http-nio-8080-exec-5] ERROR   --- o.a.c.c.C.[.[.[.[dispatcherServlet] - Servlet.service() for servlet [dispatcherServlet] in context with path [] threw exception [Request processing failed; nested exception is org.springframework.dao.DataIntegrityViolationException: could not execute statement; SQL [n/a]; constraint [gira_user_email_key]; nested exception is org.hibernate.exception.ConstraintViolationException: could not execute statement] with root cause
org.postgresql.util.PSQLException: ERROR: duplicate key value violates unique constraint "gira_user_email_key"
  Detail: Key (email)=(email1) already exists.
	at org.postgresql.core.v3.QueryExecutorImpl.receiveErrorResponse(QueryExecutorImpl.java:2675) ~[postgresql-42.3.3.jar:42.3.3]
	at org.postgresql.core.v3.QueryExecutorImpl.processResults(QueryExecutorImpl.java:2365) ~[postgresql-42.3.3.jar:42.3.3]
	at org.postgresql.core.v3.QueryExecutorImpl.execute(QueryExecutorImpl.java:355) ~[postgresql-42.3.3.jar:42.3.3]
	at org.postgresql.jdbc.PgStatement.executeInternal(PgStatement.java:490) ~[postgresql-42.3.3.jar:42.3.3]
	at org.postgresql.jdbc.PgStatement.execute(PgStatement.java:408) ~[postgresql-42.3.3.jar:42.3.3]
	at org.postgresql.jdbc.PgPreparedStatement.executeWithFlags(PgPreparedStatement.java:166) ~[postgresql-42.3.3.jar:42.3.3]
	at org.postgresql.jdbc.PgPreparedStatement.executeUpdate(PgPreparedStatement.java:134) ~[postgresql-42.3.3.jar:42.3.3]
	at com.zaxxer.hikari.pool.ProxyPreparedStatement.executeUpdate(ProxyPreparedStatement.java:61) ~[HikariCP-4.0.3.jar:?]
	at com.zaxxer.hikari.pool.HikariProxyPreparedStatement.executeUpdate(HikariProxyPreparedStatement.java) ~[HikariCP-4.0.3.jar:?]
	at org.hibernate.engine.jdbc.internal.ResultSetReturnImpl.executeUpdate(ResultSetReturnImpl.java:197) ~[hibernate-core-5.4.33.jar:5.4.33]
	at org.hibernate.persister.entity.AbstractEntityPersister.insert(AbstractEntityPersister.java:3298) ~[hibernate-core-5.4.33.jar:5.4.33]
	at org.hibernate.persister.entity.AbstractEntityPersister.insert(AbstractEntityPersister.java:3825) ~[hibernate-core-5.4.33.jar:5.4.33]
	at org.hibernate.action.internal.EntityInsertAction.execute(EntityInsertAction.java:107) ~[hibernate-core-5.4.33.jar:5.4.33]
	at org.hibernate.engine.spi.ActionQueue.executeActions(ActionQueue.java:604) ~[hibernate-core-5.4.33.jar:5.4.33]
	at org.hibernate.engine.spi.ActionQueue.lambda$executeActions$1(ActionQueue.java:478) ~[hibernate-core-5.4.33.jar:5.4.33]
	at java.util.LinkedHashMap.forEach(LinkedHashMap.java:721) ~[?:?]
	at org.hibernate.engine.spi.ActionQueue.executeActions(ActionQueue.java:475) ~[hibernate-core-5.4.33.jar:5.4.33]
	at org.hibernate.event.internal.AbstractFlushingEventListener.performExecutions(AbstractFlushingEventListener.java:344) ~[hibernate-core-5.4.33.jar:5.4.33]
	at org.hibernate.event.internal.DefaultFlushEventListener.onFlush(DefaultFlushEventListener.java:40) ~[hibernate-core-5.4.33.jar:5.4.33]
	at org.hibernate.event.service.internal.EventListenerGroupImpl.fireEventOnEachListener(EventListenerGroupImpl.java:99) ~[hibernate-core-5.4.33.jar:5.4.33]
	at org.hibernate.internal.SessionImpl.doFlush(SessionImpl.java:1362) ~[hibernate-core-5.4.33.jar:5.4.33]
	at org.hibernate.internal.SessionImpl.managedFlush(SessionImpl.java:453) ~[hibernate-core-5.4.33.jar:5.4.33]
	at org.hibernate.internal.SessionImpl.flushBeforeTransactionCompletion(SessionImpl.java:3212) ~[hibernate-core-5.4.33.jar:5.4.33]
	at org.hibernate.internal.SessionImpl.beforeTransactionCompletion(SessionImpl.java:2380) ~[hibernate-core-5.4.33.jar:5.4.33]
	at org.hibernate.engine.jdbc.internal.JdbcCoordinatorImpl.beforeTransactionCompletion(JdbcCoordinatorImpl.java:448) ~[hibernate-core-5.4.33.jar:5.4.33]
	at org.hibernate.resource.transaction.backend.jdbc.internal.JdbcResourceLocalTransactionCoordinatorImpl.beforeCompletionCallback(JdbcResourceLocalTransactionCoordinatorImpl.java:183) ~[hibernate-core-5.4.33.jar:5.4.33]
	at org.hibernate.resource.transaction.backend.jdbc.internal.JdbcResourceLocalTransactionCoordinatorImpl.access$300(JdbcResourceLocalTransactionCoordinatorImpl.java:40) ~[hibernate-core-5.4.33.jar:5.4.33]
	at org.hibernate.resource.transaction.backend.jdbc.internal.JdbcResourceLocalTransactionCoordinatorImpl$TransactionDriverControlImpl.commit(JdbcResourceLocalTransactionCoordinatorImpl.java:281) ~[hibernate-core-5.4.33.jar:5.4.33]
	at org.hibernate.engine.transaction.internal.TransactionImpl.commit(TransactionImpl.java:101) ~[hibernate-core-5.4.33.jar:5.4.33]
	at org.springframework.orm.jpa.JpaTransactionManager.doCommit(JpaTransactionManager.java:562) ~[spring-orm-5.3.16.jar:5.3.16]
	at org.springframework.transaction.support.AbstractPlatformTransactionManager.processCommit(AbstractPlatformTransactionManager.java:743) ~[spring-tx-5.3.16.jar:5.3.16]
	at org.springframework.transaction.support.AbstractPlatformTransactionManager.commit(AbstractPlatformTransactionManager.java:711) ~[spring-tx-5.3.16.jar:5.3.16]
	at org.springframework.transaction.interceptor.TransactionAspectSupport.commitTransactionAfterReturning(TransactionAspectSupport.java:654) ~[spring-tx-5.3.16.jar:5.3.16]
	at org.springframework.transaction.interceptor.TransactionAspectSupport.invokeWithinTransaction(TransactionAspectSupport.java:407) ~[spring-tx-5.3.16.jar:5.3.16]
	at org.springframework.transaction.interceptor.TransactionInterceptor.invoke(TransactionInterceptor.java:119) ~[spring-tx-5.3.16.jar:5.3.16]
	at org.springframework.aop.framework.ReflectiveMethodInvocation.proceed(ReflectiveMethodInvocation.java:186) ~[spring-aop-5.3.16.jar:5.3.16]
	at org.springframework.dao.support.PersistenceExceptionTranslationInterceptor.invoke(PersistenceExceptionTranslationInterceptor.java:137) ~[spring-tx-5.3.16.jar:5.3.16]
	at org.springframework.aop.framework.ReflectiveMethodInvocation.proceed(ReflectiveMethodInvocation.java:186) ~[spring-aop-5.3.16.jar:5.3.16]
	at org.springframework.data.jpa.repository.support.CrudMethodMetadataPostProcessor$CrudMethodMetadataPopulatingMethodInterceptor.invoke(CrudMethodMetadataPostProcessor.java:174) ~[spring-data-jpa-2.5.9.jar:2.5.9]
	at org.springframework.aop.framework.ReflectiveMethodInvocation.proceed(ReflectiveMethodInvocation.java:186) ~[spring-aop-5.3.16.jar:5.3.16]
	at org.springframework.aop.interceptor.ExposeInvocationInterceptor.invoke(ExposeInvocationInterceptor.java:97) ~[spring-aop-5.3.16.jar:5.3.16]
	at org.springframework.aop.framework.ReflectiveMethodInvocation.proceed(ReflectiveMethodInvocation.java:186) ~[spring-aop-5.3.16.jar:5.3.16]
	at org.springframework.aop.framework.JdkDynamicAopProxy.invoke(JdkDynamicAopProxy.java:215) ~[spring-aop-5.3.16.jar:5.3.16]
	at jdk.proxy3.$Proxy146.save(Unknown Source) ~[?:?]
	at cybersoft.javabackend.java16giracanglv.user.service.UserServiceImpl.createUser(UserServiceImpl.java:17) ~[classes/:?]
	at cybersoft.javabackend.java16giracanglv.user.controller.UserController.createUser(UserController.java:29) ~[classes/:?]
	at jdk.internal.reflect.NativeMethodAccessorImpl.invoke0(Native Method) ~[?:?]
	at jdk.internal.reflect.NativeMethodAccessorImpl.invoke(NativeMethodAccessorImpl.java:77) ~[?:?]
	at jdk.internal.reflect.DelegatingMethodAccessorImpl.invoke(DelegatingMethodAccessorImpl.java:43) ~[?:?]
	at java.lang.reflect.Method.invoke(Method.java:568) ~[?:?]
	at org.springframework.web.method.support.InvocableHandlerMethod.doInvoke(InvocableHandlerMethod.java:205) ~[spring-web-5.3.16.jar:5.3.16]
	at org.springframework.web.method.support.InvocableHandlerMethod.invokeForRequest(InvocableHandlerMethod.java:150) ~[spring-web-5.3.16.jar:5.3.16]
	at org.springframework.web.servlet.mvc.method.annotation.ServletInvocableHandlerMethod.invokeAndHandle(ServletInvocableHandlerMethod.java:117) ~[spring-webmvc-5.3.16.jar:5.3.16]
	at org.springframework.web.servlet.mvc.method.annotation.RequestMappingHandlerAdapter.invokeHandlerMethod(RequestMappingHandlerAdapter.java:895) ~[spring-webmvc-5.3.16.jar:5.3.16]
	at org.springframework.web.servlet.mvc.method.annotation.RequestMappingHandlerAdapter.handleInternal(RequestMappingHandlerAdapter.java:808) ~[spring-webmvc-5.3.16.jar:5.3.16]
	at org.springframework.web.servlet.mvc.method.AbstractHandlerMethodAdapter.handle(AbstractHandlerMethodAdapter.java:87) ~[spring-webmvc-5.3.16.jar:5.3.16]
	at org.springframework.web.servlet.DispatcherServlet.doDispatch(DispatcherServlet.java:1067) ~[spring-webmvc-5.3.16.jar:5.3.16]
	at org.springframework.web.servlet.DispatcherServlet.doService(DispatcherServlet.java:963) ~[spring-webmvc-5.3.16.jar:5.3.16]
	at org.springframework.web.servlet.FrameworkServlet.processRequest(FrameworkServlet.java:1006) ~[spring-webmvc-5.3.16.jar:5.3.16]
	at org.springframework.web.servlet.FrameworkServlet.doPost(FrameworkServlet.java:909) ~[spring-webmvc-5.3.16.jar:5.3.16]
	at javax.servlet.http.HttpServlet.service(HttpServlet.java:681) ~[tomcat-embed-core-9.0.58.jar:4.0.FR]
	at org.springframework.web.servlet.FrameworkServlet.service(FrameworkServlet.java:883) ~[spring-webmvc-5.3.16.jar:5.3.16]
	at javax.servlet.http.HttpServlet.service(HttpServlet.java:764) ~[tomcat-embed-core-9.0.58.jar:4.0.FR]
	at org.apache.catalina.core.ApplicationFilterChain.internalDoFilter(ApplicationFilterChain.java:227) ~[tomcat-embed-core-9.0.58.jar:9.0.58]
	at org.apache.catalina.core.ApplicationFilterChain.doFilter(ApplicationFilterChain.java:162) ~[tomcat-embed-core-9.0.58.jar:9.0.58]
	at org.apache.tomcat.websocket.server.WsFilter.doFilter(WsFilter.java:53) ~[tomcat-embed-websocket-9.0.58.jar:9.0.58]
	at org.apache.catalina.core.ApplicationFilterChain.internalDoFilter(ApplicationFilterChain.java:189) ~[tomcat-embed-core-9.0.58.jar:9.0.58]
	at org.apache.catalina.core.ApplicationFilterChain.doFilter(ApplicationFilterChain.java:162) ~[tomcat-embed-core-9.0.58.jar:9.0.58]
	at org.springframework.web.filter.RequestContextFilter.doFilterInternal(RequestContextFilter.java:100) ~[spring-web-5.3.16.jar:5.3.16]
	at org.springframework.web.filter.OncePerRequestFilter.doFilter(OncePerRequestFilter.java:117) ~[spring-web-5.3.16.jar:5.3.16]
	at org.apache.catalina.core.ApplicationFilterChain.internalDoFilter(ApplicationFilterChain.java:189) ~[tomcat-embed-core-9.0.58.jar:9.0.58]
	at org.apache.catalina.core.ApplicationFilterChain.doFilter(ApplicationFilterChain.java:162) ~[tomcat-embed-core-9.0.58.jar:9.0.58]
	at org.springframework.web.filter.FormContentFilter.doFilterInternal(FormContentFilter.java:93) ~[spring-web-5.3.16.jar:5.3.16]
	at org.springframework.web.filter.OncePerRequestFilter.doFilter(OncePerRequestFilter.java:117) ~[spring-web-5.3.16.jar:5.3.16]
	at org.apache.catalina.core.ApplicationFilterChain.internalDoFilter(ApplicationFilterChain.java:189) ~[tomcat-embed-core-9.0.58.jar:9.0.58]
	at org.apache.catalina.core.ApplicationFilterChain.doFilter(ApplicationFilterChain.java:162) ~[tomcat-embed-core-9.0.58.jar:9.0.58]
	at org.springframework.boot.actuate.metrics.web.servlet.WebMvcMetricsFilter.doFilterInternal(WebMvcMetricsFilter.java:96) ~[spring-boot-actuator-2.5.10.jar:2.5.10]
	at org.springframework.web.filter.OncePerRequestFilter.doFilter(OncePerRequestFilter.java:117) ~[spring-web-5.3.16.jar:5.3.16]
	at org.apache.catalina.core.ApplicationFilterChain.internalDoFilter(ApplicationFilterChain.java:189) ~[tomcat-embed-core-9.0.58.jar:9.0.58]
	at org.apache.catalina.core.ApplicationFilterChain.doFilter(ApplicationFilterChain.java:162) ~[tomcat-embed-core-9.0.58.jar:9.0.58]
	at org.springframework.web.filter.CharacterEncodingFilter.doFilterInternal(CharacterEncodingFilter.java:201) ~[spring-web-5.3.16.jar:5.3.16]
	at org.springframework.web.filter.OncePerRequestFilter.doFilter(OncePerRequestFilter.java:117) ~[spring-web-5.3.16.jar:5.3.16]
	at org.apache.catalina.core.ApplicationFilterChain.internalDoFilter(ApplicationFilterChain.java:189) ~[tomcat-embed-core-9.0.58.jar:9.0.58]
	at org.apache.catalina.core.ApplicationFilterChain.doFilter(ApplicationFilterChain.java:162) ~[tomcat-embed-core-9.0.58.jar:9.0.58]
	at org.apache.catalina.core.StandardWrapperValve.invoke(StandardWrapperValve.java:197) [tomcat-embed-core-9.0.58.jar:9.0.58]
	at org.apache.catalina.core.StandardContextValve.invoke(StandardContextValve.java:97) [tomcat-embed-core-9.0.58.jar:9.0.58]
	at org.apache.catalina.authenticator.AuthenticatorBase.invoke(AuthenticatorBase.java:540) [tomcat-embed-core-9.0.58.jar:9.0.58]
	at org.apache.catalina.core.StandardHostValve.invoke(StandardHostValve.java:135) [tomcat-embed-core-9.0.58.jar:9.0.58]
	at org.apache.catalina.valves.ErrorReportValve.invoke(ErrorReportValve.java:92) [tomcat-embed-core-9.0.58.jar:9.0.58]
	at org.apache.catalina.core.StandardEngineValve.invoke(StandardEngineValve.java:78) [tomcat-embed-core-9.0.58.jar:9.0.58]
	at org.apache.catalina.connector.CoyoteAdapter.service(CoyoteAdapter.java:359) [tomcat-embed-core-9.0.58.jar:9.0.58]
	at org.apache.coyote.http11.Http11Processor.service(Http11Processor.java:399) [tomcat-embed-core-9.0.58.jar:9.0.58]
	at org.apache.coyote.AbstractProcessorLight.process(AbstractProcessorLight.java:65) [tomcat-embed-core-9.0.58.jar:9.0.58]
	at org.apache.coyote.AbstractProtocol$ConnectionHandler.process(AbstractProtocol.java:889) [tomcat-embed-core-9.0.58.jar:9.0.58]
	at org.apache.tomcat.util.net.NioEndpoint$SocketProcessor.doRun(NioEndpoint.java:1735) [tomcat-embed-core-9.0.58.jar:9.0.58]
	at org.apache.tomcat.util.net.SocketProcessorBase.run(SocketProcessorBase.java:49) [tomcat-embed-core-9.0.58.jar:9.0.58]
	at org.apache.tomcat.util.threads.ThreadPoolExecutor.runWorker(ThreadPoolExecutor.java:1191) [tomcat-embed-core-9.0.58.jar:9.0.58]
	at org.apache.tomcat.util.threads.ThreadPoolExecutor$Worker.run(ThreadPoolExecutor.java:659) [tomcat-embed-core-9.0.58.jar:9.0.58]
	at org.apache.tomcat.util.threads.TaskThread$WrappingRunnable.run(TaskThread.java:61) [tomcat-embed-core-9.0.58.jar:9.0.58]
	at java.lang.Thread.run(Thread.java:833) [?:?]
18:11:30 [Thread-4] INFO    --- o.s.o.j.LocalContainerEntityManagerFactoryBean - Closing JPA EntityManagerFactory for persistence unit 'default'
18:11:30 [Thread-4] INFO    --- c.z.h.HikariDataSource - HikariPool-1 - Shutdown initiated...
18:11:30 [Thread-4] INFO    --- c.z.h.HikariDataSource - HikariPool-1 - Shutdown completed.
18:11:30 [restartedMain] INFO    --- c.j.j.Java16GiraCanglvApplication - Starting Java16GiraCanglvApplication using Java 17.0.2 on DESKTOP-L093AVC with PID 22704 (D:\JAVA BACK END CYBERSOFT\Springboot\demo\java16-gira-canglv\target\classes started by cangvanle in D:\JAVA BACK END CYBERSOFT\Springboot\demo\java16-gira-canglv)
18:11:30 [restartedMain] INFO    --- c.j.j.Java16GiraCanglvApplication - No active profile set, falling back to 1 default profile: "default"
18:11:30 [restartedMain] INFO    --- o.s.d.r.c.RepositoryConfigurationDelegate - Bootstrapping Spring Data JPA repositories in DEFAULT mode.
18:11:30 [restartedMain] INFO    --- o.s.d.r.c.RepositoryConfigurationDelegate - Finished Spring Data repository scanning in 18 ms. Found 2 JPA repository interfaces.
18:11:30 [restartedMain] INFO    --- o.s.b.w.e.t.TomcatWebServer - Tomcat initialized with port(s): 8080 (http)
18:11:30 [restartedMain] INFO    --- o.a.c.h.Http11NioProtocol - Initializing ProtocolHandler ["http-nio-8080"]
18:11:30 [restartedMain] INFO    --- o.a.c.c.StandardService - Starting service [Tomcat]
18:11:30 [restartedMain] INFO    --- o.a.c.c.StandardEngine - Starting Servlet engine: [Apache Tomcat/9.0.58]
18:11:30 [restartedMain] INFO    --- o.a.c.c.C.[.[.[/] - Initializing Spring embedded WebApplicationContext
18:11:30 [restartedMain] INFO    --- o.s.b.w.s.c.ServletWebServerApplicationContext - Root WebApplicationContext: initialization completed in 510 ms
18:11:30 [restartedMain] INFO    --- c.z.h.HikariDataSource - HikariPool-2 - Starting...
18:11:30 [restartedMain] INFO    --- c.z.h.HikariDataSource - HikariPool-2 - Start completed.
18:11:30 [restartedMain] INFO    --- o.f.c.i.l.VersionPrinter - Flyway Community Edition 8.5.2 by Redgate
18:11:30 [restartedMain] INFO    --- o.f.c.i.l.VersionPrinter - See what's new here: https://flywaydb.org/documentation/learnmore/releaseNotes#8.5.2
18:11:30 [restartedMain] INFO    --- o.f.c.i.l.VersionPrinter - 
18:11:30 [restartedMain] INFO    --- o.f.c.i.d.b.BaseDatabaseType - Database: jdbc:postgresql://localhost:5432/gira (PostgreSQL 14.2)
18:11:30 [restartedMain] INFO    --- o.f.c.i.c.DbValidate - Successfully validated 2 migrations (execution time 00:00.010s)
18:11:30 [restartedMain] INFO    --- o.f.c.i.c.DbMigrate - Current version of schema "public": 3
18:11:30 [restartedMain] INFO    --- o.f.c.i.c.DbMigrate - Schema "public" is up to date. No migration necessary.
18:11:30 [restartedMain] INFO    --- o.h.j.i.u.LogHelper - HHH000204: Processing PersistenceUnitInfo [name: default]
18:11:30 [restartedMain] INFO    --- o.h.d.Dialect - HHH000400: Using dialect: org.hibernate.dialect.PostgreSQL10Dialect
18:11:30 [restartedMain] WARN    --- o.s.b.w.s.c.AnnotationConfigServletWebServerApplicationContext - Exception encountered during context initialization - cancelling refresh attempt: org.springframework.beans.factory.BeanCreationException: Error creating bean with name 'entityManagerFactory' defined in class path resource [org/springframework/boot/autoconfigure/orm/jpa/HibernateJpaConfiguration.class]: Invocation of init method failed; nested exception is java.lang.TypeNotPresentException: Type cybersoft.javabackend.java16giracanglv.role.model.GiraUser not present
18:11:30 [restartedMain] INFO    --- c.z.h.HikariDataSource - HikariPool-2 - Shutdown initiated...
18:11:30 [restartedMain] INFO    --- c.z.h.HikariDataSource - HikariPool-2 - Shutdown completed.
18:11:30 [restartedMain] INFO    --- o.a.c.c.StandardService - Stopping service [Tomcat]
18:11:30 [restartedMain] INFO    --- o.s.b.a.l.ConditionEvaluationReportLoggingListener - 

Error starting ApplicationContext. To display the conditions report re-run your application with 'debug' enabled.
18:11:30 [restartedMain] ERROR   --- o.s.b.SpringApplication - Application run failed
org.springframework.beans.factory.BeanCreationException: Error creating bean with name 'entityManagerFactory' defined in class path resource [org/springframework/boot/autoconfigure/orm/jpa/HibernateJpaConfiguration.class]: Invocation of init method failed; nested exception is java.lang.TypeNotPresentException: Type cybersoft.javabackend.java16giracanglv.role.model.GiraUser not present
	at org.springframework.beans.factory.support.AbstractAutowireCapableBeanFactory.initializeBean(AbstractAutowireCapableBeanFactory.java:1804) ~[spring-beans-5.3.16.jar:5.3.16]
	at org.springframework.beans.factory.support.AbstractAutowireCapableBeanFactory.doCreateBean(AbstractAutowireCapableBeanFactory.java:620) ~[spring-beans-5.3.16.jar:5.3.16]
	at org.springframework.beans.factory.support.AbstractAutowireCapableBeanFactory.createBean(AbstractAutowireCapableBeanFactory.java:542) ~[spring-beans-5.3.16.jar:5.3.16]
	at org.springframework.beans.factory.support.AbstractBeanFactory.lambda$doGetBean$0(AbstractBeanFactory.java:335) ~[spring-beans-5.3.16.jar:5.3.16]
	at org.springframework.beans.factory.support.DefaultSingletonBeanRegistry.getSingleton(DefaultSingletonBeanRegistry.java:234) ~[spring-beans-5.3.16.jar:5.3.16]
	at org.springframework.beans.factory.support.AbstractBeanFactory.doGetBean(AbstractBeanFactory.java:333) ~[spring-beans-5.3.16.jar:5.3.16]
	at org.springframework.beans.factory.support.AbstractBeanFactory.getBean(AbstractBeanFactory.java:208) ~[spring-beans-5.3.16.jar:5.3.16]
	at org.springframework.context.support.AbstractApplicationContext.getBean(AbstractApplicationContext.java:1154) ~[spring-context-5.3.16.jar:5.3.16]
	at org.springframework.context.support.AbstractApplicationContext.finishBeanFactoryInitialization(AbstractApplicationContext.java:908) ~[spring-context-5.3.16.jar:5.3.16]
	at org.springframework.context.support.AbstractApplicationContext.refresh(AbstractApplicationContext.java:583) ~[spring-context-5.3.16.jar:5.3.16]
	at org.springframework.boot.web.servlet.context.ServletWebServerApplicationContext.refresh(ServletWebServerApplicationContext.java:145) ~[spring-boot-2.5.10.jar:2.5.10]
	at org.springframework.boot.SpringApplication.refresh(SpringApplication.java:775) [spring-boot-2.5.10.jar:2.5.10]
	at org.springframework.boot.SpringApplication.refreshContext(SpringApplication.java:448) [spring-boot-2.5.10.jar:2.5.10]
	at org.springframework.boot.SpringApplication.run(SpringApplication.java:339) [spring-boot-2.5.10.jar:2.5.10]
	at org.springframework.boot.SpringApplication.run(SpringApplication.java:1365) [spring-boot-2.5.10.jar:2.5.10]
	at org.springframework.boot.SpringApplication.run(SpringApplication.java:1354) [spring-boot-2.5.10.jar:2.5.10]
	at cybersoft.javabackend.java16giracanglv.Java16GiraCanglvApplication.main(Java16GiraCanglvApplication.java:13) [classes/:?]
	at jdk.internal.reflect.NativeMethodAccessorImpl.invoke0(Native Method) ~[?:?]
	at jdk.internal.reflect.NativeMethodAccessorImpl.invoke(NativeMethodAccessorImpl.java:77) ~[?:?]
	at jdk.internal.reflect.DelegatingMethodAccessorImpl.invoke(DelegatingMethodAccessorImpl.java:43) ~[?:?]
	at java.lang.reflect.Method.invoke(Method.java:568) ~[?:?]
	at org.springframework.boot.devtools.restart.RestartLauncher.run(RestartLauncher.java:49) [spring-boot-devtools-2.6.4.jar:2.6.4]
Caused by: java.lang.TypeNotPresentException: Type cybersoft.javabackend.java16giracanglv.role.model.GiraUser not present
	at sun.reflect.generics.factory.CoreReflectionFactory.makeNamedType(CoreReflectionFactory.java:117) ~[?:?]
	at sun.reflect.generics.visitor.Reifier.visitClassTypeSignature(Reifier.java:125) ~[?:?]
	at sun.reflect.generics.tree.ClassTypeSignature.accept(ClassTypeSignature.java:49) ~[?:?]
	at sun.reflect.generics.visitor.Reifier.reifyTypeArguments(Reifier.java:68) ~[?:?]
	at sun.reflect.generics.visitor.Reifier.visitClassTypeSignature(Reifier.java:138) ~[?:?]
	at sun.reflect.generics.tree.ClassTypeSignature.accept(ClassTypeSignature.java:49) ~[?:?]
	at sun.reflect.generics.repository.MethodRepository.computeReturnType(MethodRepository.java:75) ~[?:?]
	at sun.reflect.generics.repository.MethodRepository.getReturnType(MethodRepository.java:66) ~[?:?]
	at java.lang.reflect.Method.getGenericReturnType(Method.java:295) ~[?:?]
	at org.hibernate.annotations.common.reflection.java.JavaXClass.getDeclaredMethodProperties(JavaXClass.java:99) ~[hibernate-commons-annotations-5.1.2.Final.jar:5.1.2.Final]
	at org.hibernate.annotations.common.reflection.java.JavaXClass.getDeclaredProperties(JavaXClass.java:116) ~[hibernate-commons-annotations-5.1.2.Final.jar:5.1.2.Final]
	at org.hibernate.annotations.common.reflection.java.JavaXClass.getDeclaredProperties(JavaXClass.java:108) ~[hibernate-commons-annotations-5.1.2.Final.jar:5.1.2.Final]
	at org.hibernate.cfg.InheritanceState.determineDefaultAccessType(InheritanceState.java:252) ~[hibernate-core-5.4.33.jar:5.4.33]
	at org.hibernate.cfg.InheritanceState.getElementsToProcess(InheritanceState.java:211) ~[hibernate-core-5.4.33.jar:5.4.33]
	at org.hibernate.cfg.AnnotationBinder.bindClass(AnnotationBinder.java:785) ~[hibernate-core-5.4.33.jar:5.4.33]
	at org.hibernate.boot.model.source.internal.annotations.AnnotationMetadataSourceProcessorImpl.processEntityHierarchies(AnnotationMetadataSourceProcessorImpl.java:248) ~[hibernate-core-5.4.33.jar:5.4.33]
	at org.hibernate.boot.model.process.spi.MetadataBuildingProcess$1.processEntityHierarchies(MetadataBuildingProcess.java:239) ~[hibernate-core-5.4.33.jar:5.4.33]
	at org.hibernate.boot.model.process.spi.MetadataBuildingProcess.complete(MetadataBuildingProcess.java:282) ~[hibernate-core-5.4.33.jar:5.4.33]
	at org.hibernate.jpa.boot.internal.EntityManagerFactoryBuilderImpl.metadata(EntityManagerFactoryBuilderImpl.java:1224) ~[hibernate-core-5.4.33.jar:5.4.33]
	at org.hibernate.jpa.boot.internal.EntityManagerFactoryBuilderImpl.build(EntityManagerFactoryBuilderImpl.java:1255) ~[hibernate-core-5.4.33.jar:5.4.33]
	at org.springframework.orm.jpa.vendor.SpringHibernateJpaPersistenceProvider.createContainerEntityManagerFactory(SpringHibernateJpaPersistenceProvider.java:58) ~[spring-orm-5.3.16.jar:5.3.16]
	at org.springframework.orm.jpa.LocalContainerEntityManagerFactoryBean.createNativeEntityManagerFactory(LocalContainerEntityManagerFactoryBean.java:365) ~[spring-orm-5.3.16.jar:5.3.16]
	at org.springframework.orm.jpa.AbstractEntityManagerFactoryBean.buildNativeEntityManagerFactory(AbstractEntityManagerFactoryBean.java:409) ~[spring-orm-5.3.16.jar:5.3.16]
	at org.springframework.orm.jpa.AbstractEntityManagerFactoryBean.afterPropertiesSet(AbstractEntityManagerFactoryBean.java:396) ~[spring-orm-5.3.16.jar:5.3.16]
	at org.springframework.orm.jpa.LocalContainerEntityManagerFactoryBean.afterPropertiesSet(LocalContainerEntityManagerFactoryBean.java:341) ~[spring-orm-5.3.16.jar:5.3.16]
	at org.springframework.beans.factory.support.AbstractAutowireCapableBeanFactory.invokeInitMethods(AbstractAutowireCapableBeanFactory.java:1863) ~[spring-beans-5.3.16.jar:5.3.16]
	at org.springframework.beans.factory.support.AbstractAutowireCapableBeanFactory.initializeBean(AbstractAutowireCapableBeanFactory.java:1800) ~[spring-beans-5.3.16.jar:5.3.16]
	... 21 more
Caused by: java.lang.ClassNotFoundException: cybersoft.javabackend.java16giracanglv.role.model.GiraUser
	at jdk.internal.loader.BuiltinClassLoader.loadClass(BuiltinClassLoader.java:641) ~[?:?]
	at jdk.internal.loader.ClassLoaders$AppClassLoader.loadClass(ClassLoaders.java:188) ~[?:?]
	at java.lang.ClassLoader.loadClass(ClassLoader.java:520) ~[?:?]
	at java.lang.Class.forName0(Native Method) ~[?:?]
	at java.lang.Class.forName(Class.java:467) ~[?:?]
	at org.springframework.boot.devtools.restart.classloader.RestartClassLoader.loadClass(RestartClassLoader.java:145) ~[spring-boot-devtools-2.6.4.jar:2.6.4]
	at java.lang.ClassLoader.loadClass(ClassLoader.java:520) ~[?:?]
	at java.lang.Class.forName0(Native Method) ~[?:?]
	at java.lang.Class.forName(Class.java:467) ~[?:?]
	at sun.reflect.generics.factory.CoreReflectionFactory.makeNamedType(CoreReflectionFactory.java:114) ~[?:?]
	at sun.reflect.generics.visitor.Reifier.visitClassTypeSignature(Reifier.java:125) ~[?:?]
	at sun.reflect.generics.tree.ClassTypeSignature.accept(ClassTypeSignature.java:49) ~[?:?]
	at sun.reflect.generics.visitor.Reifier.reifyTypeArguments(Reifier.java:68) ~[?:?]
	at sun.reflect.generics.visitor.Reifier.visitClassTypeSignature(Reifier.java:138) ~[?:?]
	at sun.reflect.generics.tree.ClassTypeSignature.accept(ClassTypeSignature.java:49) ~[?:?]
	at sun.reflect.generics.repository.MethodRepository.computeReturnType(MethodRepository.java:75) ~[?:?]
	at sun.reflect.generics.repository.MethodRepository.getReturnType(MethodRepository.java:66) ~[?:?]
	at java.lang.reflect.Method.getGenericReturnType(Method.java:295) ~[?:?]
	at org.hibernate.annotations.common.reflection.java.JavaXClass.getDeclaredMethodProperties(JavaXClass.java:99) ~[hibernate-commons-annotations-5.1.2.Final.jar:5.1.2.Final]
	at org.hibernate.annotations.common.reflection.java.JavaXClass.getDeclaredProperties(JavaXClass.java:116) ~[hibernate-commons-annotations-5.1.2.Final.jar:5.1.2.Final]
	at org.hibernate.annotations.common.reflection.java.JavaXClass.getDeclaredProperties(JavaXClass.java:108) ~[hibernate-commons-annotations-5.1.2.Final.jar:5.1.2.Final]
	at org.hibernate.cfg.InheritanceState.determineDefaultAccessType(InheritanceState.java:252) ~[hibernate-core-5.4.33.jar:5.4.33]
	at org.hibernate.cfg.InheritanceState.getElementsToProcess(InheritanceState.java:211) ~[hibernate-core-5.4.33.jar:5.4.33]
	at org.hibernate.cfg.AnnotationBinder.bindClass(AnnotationBinder.java:785) ~[hibernate-core-5.4.33.jar:5.4.33]
	at org.hibernate.boot.model.source.internal.annotations.AnnotationMetadataSourceProcessorImpl.processEntityHierarchies(AnnotationMetadataSourceProcessorImpl.java:248) ~[hibernate-core-5.4.33.jar:5.4.33]
	at org.hibernate.boot.model.process.spi.MetadataBuildingProcess$1.processEntityHierarchies(MetadataBuildingProcess.java:239) ~[hibernate-core-5.4.33.jar:5.4.33]
	at org.hibernate.boot.model.process.spi.MetadataBuildingProcess.complete(MetadataBuildingProcess.java:282) ~[hibernate-core-5.4.33.jar:5.4.33]
	at org.hibernate.jpa.boot.internal.EntityManagerFactoryBuilderImpl.metadata(EntityManagerFactoryBuilderImpl.java:1224) ~[hibernate-core-5.4.33.jar:5.4.33]
	at org.hibernate.jpa.boot.internal.EntityManagerFactoryBuilderImpl.build(EntityManagerFactoryBuilderImpl.java:1255) ~[hibernate-core-5.4.33.jar:5.4.33]
	at org.springframework.orm.jpa.vendor.SpringHibernateJpaPersistenceProvider.createContainerEntityManagerFactory(SpringHibernateJpaPersistenceProvider.java:58) ~[spring-orm-5.3.16.jar:5.3.16]
	at org.springframework.orm.jpa.LocalContainerEntityManagerFactoryBean.createNativeEntityManagerFactory(LocalContainerEntityManagerFactoryBean.java:365) ~[spring-orm-5.3.16.jar:5.3.16]
	at org.springframework.orm.jpa.AbstractEntityManagerFactoryBean.buildNativeEntityManagerFactory(AbstractEntityManagerFactoryBean.java:409) ~[spring-orm-5.3.16.jar:5.3.16]
	at org.springframework.orm.jpa.AbstractEntityManagerFactoryBean.afterPropertiesSet(AbstractEntityManagerFactoryBean.java:396) ~[spring-orm-5.3.16.jar:5.3.16]
	at org.springframework.orm.jpa.LocalContainerEntityManagerFactoryBean.afterPropertiesSet(LocalContainerEntityManagerFactoryBean.java:341) ~[spring-orm-5.3.16.jar:5.3.16]
	at org.springframework.beans.factory.support.AbstractAutowireCapableBeanFactory.invokeInitMethods(AbstractAutowireCapableBeanFactory.java:1863) ~[spring-beans-5.3.16.jar:5.3.16]
	at org.springframework.beans.factory.support.AbstractAutowireCapableBeanFactory.initializeBean(AbstractAutowireCapableBeanFactory.java:1800) ~[spring-beans-5.3.16.jar:5.3.16]
	... 21 more
18:12:20 [restartedMain] INFO    --- c.j.j.Java16GiraCanglvApplication - Starting Java16GiraCanglvApplication using Java 17.0.2 on DESKTOP-L093AVC with PID 22704 (D:\JAVA BACK END CYBERSOFT\Springboot\demo\java16-gira-canglv\target\classes started by cangvanle in D:\JAVA BACK END CYBERSOFT\Springboot\demo\java16-gira-canglv)
18:12:20 [restartedMain] INFO    --- c.j.j.Java16GiraCanglvApplication - No active profile set, falling back to 1 default profile: "default"
18:12:20 [restartedMain] INFO    --- o.s.d.r.c.RepositoryConfigurationDelegate - Bootstrapping Spring Data JPA repositories in DEFAULT mode.
18:12:20 [restartedMain] ERROR   --- o.s.b.SpringApplication - Application run failed
java.lang.TypeNotPresentException: Type cybersoft.javabackend.java16giracanglv.role.model.GiraGroup not present
	at sun.reflect.generics.factory.CoreReflectionFactory.makeNamedType(CoreReflectionFactory.java:117) ~[?:?]
	at sun.reflect.generics.visitor.Reifier.visitClassTypeSignature(Reifier.java:125) ~[?:?]
	at sun.reflect.generics.tree.ClassTypeSignature.accept(ClassTypeSignature.java:49) ~[?:?]
	at sun.reflect.generics.visitor.Reifier.reifyTypeArguments(Reifier.java:68) ~[?:?]
	at sun.reflect.generics.visitor.Reifier.visitClassTypeSignature(Reifier.java:138) ~[?:?]
	at sun.reflect.generics.tree.ClassTypeSignature.accept(ClassTypeSignature.java:49) ~[?:?]
	at sun.reflect.generics.repository.ClassRepository.computeSuperInterfaces(ClassRepository.java:117) ~[?:?]
	at sun.reflect.generics.repository.ClassRepository.getSuperInterfaces(ClassRepository.java:95) ~[?:?]
	at java.lang.Class.getGenericInterfaces(Class.java:1211) ~[?:?]
	at org.springframework.core.ResolvableType.getInterfaces(ResolvableType.java:502) ~[spring-core-5.3.16.jar:5.3.16]
	at org.springframework.core.GenericTypeResolver.buildTypeVariableMap(GenericTypeResolver.java:271) ~[spring-core-5.3.16.jar:5.3.16]
	at org.springframework.core.GenericTypeResolver.getTypeVariableMap(GenericTypeResolver.java:248) ~[spring-core-5.3.16.jar:5.3.16]
	at org.springframework.data.util.ClassTypeInformation.getTypeVariableMap(ClassTypeInformation.java:115) ~[spring-data-commons-2.5.9.jar:2.5.9]
	at org.springframework.data.util.ClassTypeInformation.getTypeVariableMap(ClassTypeInformation.java:104) ~[spring-data-commons-2.5.9.jar:2.5.9]
	at org.springframework.data.util.ClassTypeInformation.<init>(ClassTypeInformation.java:93) ~[spring-data-commons-2.5.9.jar:2.5.9]
	at java.util.concurrent.ConcurrentMap.computeIfAbsent(ConcurrentMap.java:330) ~[?:?]
	at org.springframework.data.util.ClassTypeInformation.from(ClassTypeInformation.java:71) ~[spring-data-commons-2.5.9.jar:2.5.9]
	at org.springframework.data.repository.core.support.AbstractRepositoryMetadata.<init>(AbstractRepositoryMetadata.java:63) ~[spring-data-commons-2.5.9.jar:2.5.9]
	at org.springframework.data.repository.core.support.DefaultRepositoryMetadata.<init>(DefaultRepositoryMetadata.java:49) ~[spring-data-commons-2.5.9.jar:2.5.9]
	at org.springframework.data.repository.core.support.AbstractRepositoryMetadata.getMetadata(AbstractRepositoryMetadata.java:78) ~[spring-data-commons-2.5.9.jar:2.5.9]
	at org.springframework.data.repository.config.RepositoryConfigurationExtensionSupport.getRepositoryConfigurations(RepositoryConfigurationExtensionSupport.java:103) ~[spring-data-commons-2.5.9.jar:2.5.9]
	at org.springframework.data.repository.config.RepositoryConfigurationDelegate.registerRepositoriesIn(RepositoryConfigurationDelegate.java:159) ~[spring-data-commons-2.5.9.jar:2.5.9]
	at org.springframework.data.repository.config.RepositoryBeanDefinitionRegistrarSupport.registerBeanDefinitions(RepositoryBeanDefinitionRegistrarSupport.java:107) ~[spring-data-commons-2.5.9.jar:2.5.9]
	at org.springframework.context.annotation.ConfigurationClassBeanDefinitionReader.lambda$loadBeanDefinitionsFromRegistrars$1(ConfigurationClassBeanDefinitionReader.java:396) ~[spring-context-5.3.16.jar:5.3.16]
	at java.util.LinkedHashMap.forEach(LinkedHashMap.java:721) ~[?:?]
	at org.springframework.context.annotation.ConfigurationClassBeanDefinitionReader.loadBeanDefinitionsFromRegistrars(ConfigurationClassBeanDefinitionReader.java:395) ~[spring-context-5.3.16.jar:5.3.16]
	at org.springframework.context.annotation.ConfigurationClassBeanDefinitionReader.loadBeanDefinitionsForConfigurationClass(ConfigurationClassBeanDefinitionReader.java:157) ~[spring-context-5.3.16.jar:5.3.16]
	at org.springframework.context.annotation.ConfigurationClassBeanDefinitionReader.loadBeanDefinitions(ConfigurationClassBeanDefinitionReader.java:129) ~[spring-context-5.3.16.jar:5.3.16]
	at org.springframework.context.annotation.ConfigurationClassPostProcessor.processConfigBeanDefinitions(ConfigurationClassPostProcessor.java:343) ~[spring-context-5.3.16.jar:5.3.16]
	at org.springframework.context.annotation.ConfigurationClassPostProcessor.postProcessBeanDefinitionRegistry(ConfigurationClassPostProcessor.java:247) ~[spring-context-5.3.16.jar:5.3.16]
	at org.springframework.context.support.PostProcessorRegistrationDelegate.invokeBeanDefinitionRegistryPostProcessors(PostProcessorRegistrationDelegate.java:311) ~[spring-context-5.3.16.jar:5.3.16]
	at org.springframework.context.support.PostProcessorRegistrationDelegate.invokeBeanFactoryPostProcessors(PostProcessorRegistrationDelegate.java:112) ~[spring-context-5.3.16.jar:5.3.16]
	at org.springframework.context.support.AbstractApplicationContext.invokeBeanFactoryPostProcessors(AbstractApplicationContext.java:746) ~[spring-context-5.3.16.jar:5.3.16]
	at org.springframework.context.support.AbstractApplicationContext.refresh(AbstractApplicationContext.java:564) ~[spring-context-5.3.16.jar:5.3.16]
	at org.springframework.boot.web.servlet.context.ServletWebServerApplicationContext.refresh(ServletWebServerApplicationContext.java:145) ~[spring-boot-2.5.10.jar:2.5.10]
	at org.springframework.boot.SpringApplication.refresh(SpringApplication.java:775) [spring-boot-2.5.10.jar:2.5.10]
	at org.springframework.boot.SpringApplication.refreshContext(SpringApplication.java:448) [spring-boot-2.5.10.jar:2.5.10]
	at org.springframework.boot.SpringApplication.run(SpringApplication.java:339) [spring-boot-2.5.10.jar:2.5.10]
	at org.springframework.boot.SpringApplication.run(SpringApplication.java:1365) [spring-boot-2.5.10.jar:2.5.10]
	at org.springframework.boot.SpringApplication.run(SpringApplication.java:1354) [spring-boot-2.5.10.jar:2.5.10]
	at cybersoft.javabackend.java16giracanglv.Java16GiraCanglvApplication.main(Java16GiraCanglvApplication.java:13) [classes/:?]
	at jdk.internal.reflect.NativeMethodAccessorImpl.invoke0(Native Method) ~[?:?]
	at jdk.internal.reflect.NativeMethodAccessorImpl.invoke(NativeMethodAccessorImpl.java:77) ~[?:?]
	at jdk.internal.reflect.DelegatingMethodAccessorImpl.invoke(DelegatingMethodAccessorImpl.java:43) ~[?:?]
	at java.lang.reflect.Method.invoke(Method.java:568) ~[?:?]
	at org.springframework.boot.devtools.restart.RestartLauncher.run(RestartLauncher.java:49) [spring-boot-devtools-2.6.4.jar:2.6.4]
Caused by: java.lang.ClassNotFoundException: cybersoft.javabackend.java16giracanglv.role.model.GiraGroup
	at jdk.internal.loader.BuiltinClassLoader.loadClass(BuiltinClassLoader.java:641) ~[?:?]
	at jdk.internal.loader.ClassLoaders$AppClassLoader.loadClass(ClassLoaders.java:188) ~[?:?]
	at java.lang.ClassLoader.loadClass(ClassLoader.java:520) ~[?:?]
	at java.lang.Class.forName0(Native Method) ~[?:?]
	at java.lang.Class.forName(Class.java:467) ~[?:?]
	at org.springframework.boot.devtools.restart.classloader.RestartClassLoader.loadClass(RestartClassLoader.java:145) ~[spring-boot-devtools-2.6.4.jar:2.6.4]
	at java.lang.ClassLoader.loadClass(ClassLoader.java:520) ~[?:?]
	at java.lang.Class.forName0(Native Method) ~[?:?]
	at java.lang.Class.forName(Class.java:467) ~[?:?]
	at sun.reflect.generics.factory.CoreReflectionFactory.makeNamedType(CoreReflectionFactory.java:114) ~[?:?]
	... 45 more
18:12:22 [restartedMain] INFO    --- o.s.b.d.e.DevToolsPropertyDefaultsPostProcessor - Devtools property defaults active! Set 'spring.devtools.add-properties' to 'false' to disable
18:12:22 [restartedMain] INFO    --- o.s.b.d.e.DevToolsPropertyDefaultsPostProcessor - For additional web related logging consider setting the 'logging.level.web' property to 'DEBUG'
18:12:22 [restartedMain] INFO    --- c.j.j.Java16GiraCanglvApplication - Starting Java16GiraCanglvApplication using Java 17.0.2 on DESKTOP-L093AVC with PID 22704 (D:\JAVA BACK END CYBERSOFT\Springboot\demo\java16-gira-canglv\target\classes started by cangvanle in D:\JAVA BACK END CYBERSOFT\Springboot\demo\java16-gira-canglv)
18:12:22 [restartedMain] INFO    --- c.j.j.Java16GiraCanglvApplication - No active profile set, falling back to 1 default profile: "default"
18:12:23 [restartedMain] INFO    --- o.s.d.r.c.RepositoryConfigurationDelegate - Bootstrapping Spring Data JPA repositories in DEFAULT mode.
18:12:23 [restartedMain] INFO    --- o.s.d.r.c.RepositoryConfigurationDelegate - Finished Spring Data repository scanning in 6 ms. Found 0 JPA repository interfaces.
18:12:23 [restartedMain] INFO    --- o.s.b.w.e.t.TomcatWebServer - Tomcat initialized with port(s): 8080 (http)
18:12:23 [restartedMain] INFO    --- o.a.c.h.Http11NioProtocol - Initializing ProtocolHandler ["http-nio-8080"]
18:12:23 [restartedMain] INFO    --- o.a.c.c.StandardService - Starting service [Tomcat]
18:12:23 [restartedMain] INFO    --- o.a.c.c.StandardEngine - Starting Servlet engine: [Apache Tomcat/9.0.58]
18:12:23 [restartedMain] INFO    --- o.a.c.c.C.[.[.[/] - Initializing Spring embedded WebApplicationContext
18:12:23 [restartedMain] INFO    --- o.s.b.w.s.c.ServletWebServerApplicationContext - Root WebApplicationContext: initialization completed in 419 ms
18:12:23 [restartedMain] INFO    --- c.z.h.HikariDataSource - HikariPool-3 - Starting...
18:12:23 [restartedMain] INFO    --- c.z.h.HikariDataSource - HikariPool-3 - Start completed.
18:12:23 [restartedMain] INFO    --- o.f.c.i.l.VersionPrinter - Flyway Community Edition 8.5.2 by Redgate
18:12:23 [restartedMain] INFO    --- o.f.c.i.l.VersionPrinter - See what's new here: https://flywaydb.org/documentation/learnmore/releaseNotes#8.5.2
18:12:23 [restartedMain] INFO    --- o.f.c.i.l.VersionPrinter - 
18:12:23 [restartedMain] INFO    --- o.f.c.i.d.b.BaseDatabaseType - Database: jdbc:postgresql://localhost:5432/gira (PostgreSQL 14.2)
18:12:23 [restartedMain] INFO    --- o.f.c.i.c.DbValidate - Successfully validated 2 migrations (execution time 00:00.029s)
18:12:23 [restartedMain] INFO    --- o.f.c.i.c.DbMigrate - Current version of schema "public": 3
18:12:23 [restartedMain] INFO    --- o.f.c.i.c.DbMigrate - Schema "public" is up to date. No migration necessary.
18:12:23 [restartedMain] INFO    --- o.h.j.i.u.LogHelper - HHH000204: Processing PersistenceUnitInfo [name: default]
18:12:23 [restartedMain] INFO    --- o.h.d.Dialect - HHH000400: Using dialect: org.hibernate.dialect.PostgreSQL10Dialect
18:12:23 [restartedMain] INFO    --- o.h.e.t.j.p.i.JtaPlatformInitiator - HHH000490: Using JtaPlatform implementation: [org.hibernate.engine.transaction.jta.platform.internal.NoJtaPlatform]
18:12:23 [restartedMain] INFO    --- o.s.o.j.LocalContainerEntityManagerFactoryBean - Initialized JPA EntityManagerFactory for persistence unit 'default'
18:12:23 [restartedMain] WARN    --- o.s.b.a.o.j.JpaBaseConfiguration$JpaWebConfiguration - spring.jpa.open-in-view is enabled by default. Therefore, database queries may be performed during view rendering. Explicitly configure spring.jpa.open-in-view to disable this warning
18:12:23 [restartedMain] INFO    --- o.s.b.d.a.OptionalLiveReloadServer - LiveReload server is running on port 35729
18:12:23 [restartedMain] INFO    --- o.s.b.a.e.w.EndpointLinksResolver - Exposing 1 endpoint(s) beneath base path '/actuator'
18:12:23 [restartedMain] INFO    --- o.a.c.h.Http11NioProtocol - Starting ProtocolHandler ["http-nio-8080"]
18:12:23 [restartedMain] INFO    --- o.s.b.w.e.t.TomcatWebServer - Tomcat started on port(s): 8080 (http) with context path ''
18:12:23 [restartedMain] INFO    --- c.j.j.Java16GiraCanglvApplication - Started Java16GiraCanglvApplication in 0.951 seconds (JVM running for 10777.345)
18:12:23 [restartedMain] INFO    --- o.s.b.d.a.ConditionEvaluationDeltaLoggingListener - Condition evaluation delta:


==========================
CONDITION EVALUATION DELTA
==========================


Positive matches:
-----------------

   ValidationAutoConfiguration#defaultValidator matched:
      - @ConditionalOnMissingBean (types: javax.validation.Validator; SearchStrategy: all) did not find any beans (OnBeanCondition)


Negative matches:
-----------------

    None


Exclusions:
-----------

    None


Unconditional classes:
----------------------

    None



18:12:27 [Thread-7] INFO    --- o.s.o.j.LocalContainerEntityManagerFactoryBean - Closing JPA EntityManagerFactory for persistence unit 'default'
18:12:27 [Thread-7] INFO    --- c.z.h.HikariDataSource - HikariPool-3 - Shutdown initiated...
18:12:27 [Thread-7] INFO    --- c.z.h.HikariDataSource - HikariPool-3 - Shutdown completed.
18:12:27 [restartedMain] INFO    --- c.j.j.Java16GiraCanglvApplication - Starting Java16GiraCanglvApplication using Java 17.0.2 on DESKTOP-L093AVC with PID 22704 (D:\JAVA BACK END CYBERSOFT\Springboot\demo\java16-gira-canglv\target\classes started by cangvanle in D:\JAVA BACK END CYBERSOFT\Springboot\demo\java16-gira-canglv)
18:12:27 [restartedMain] INFO    --- c.j.j.Java16GiraCanglvApplication - No active profile set, falling back to 1 default profile: "default"
18:12:27 [restartedMain] INFO    --- o.s.d.r.c.RepositoryConfigurationDelegate - Bootstrapping Spring Data JPA repositories in DEFAULT mode.
18:12:27 [restartedMain] INFO    --- o.s.d.r.c.RepositoryConfigurationDelegate - Finished Spring Data repository scanning in 16 ms. Found 3 JPA repository interfaces.
18:12:27 [restartedMain] INFO    --- o.s.b.w.e.t.TomcatWebServer - Tomcat initialized with port(s): 8080 (http)
18:12:27 [restartedMain] INFO    --- o.a.c.h.Http11NioProtocol - Initializing ProtocolHandler ["http-nio-8080"]
18:12:27 [restartedMain] INFO    --- o.a.c.c.StandardService - Starting service [Tomcat]
18:12:27 [restartedMain] INFO    --- o.a.c.c.StandardEngine - Starting Servlet engine: [Apache Tomcat/9.0.58]
18:12:27 [restartedMain] INFO    --- o.a.c.c.C.[.[.[/] - Initializing Spring embedded WebApplicationContext
18:12:27 [restartedMain] INFO    --- o.s.b.w.s.c.ServletWebServerApplicationContext - Root WebApplicationContext: initialization completed in 426 ms
18:12:27 [restartedMain] INFO    --- c.z.h.HikariDataSource - HikariPool-4 - Starting...
18:12:27 [restartedMain] INFO    --- c.z.h.HikariDataSource - HikariPool-4 - Start completed.
18:12:27 [restartedMain] INFO    --- o.f.c.i.l.VersionPrinter - Flyway Community Edition 8.5.2 by Redgate
18:12:27 [restartedMain] INFO    --- o.f.c.i.l.VersionPrinter - See what's new here: https://flywaydb.org/documentation/learnmore/releaseNotes#8.5.2
18:12:27 [restartedMain] INFO    --- o.f.c.i.l.VersionPrinter - 
18:12:27 [restartedMain] INFO    --- o.f.c.i.d.b.BaseDatabaseType - Database: jdbc:postgresql://localhost:5432/gira (PostgreSQL 14.2)
18:12:27 [restartedMain] INFO    --- o.f.c.i.c.DbValidate - Successfully validated 2 migrations (execution time 00:00.007s)
18:12:27 [restartedMain] INFO    --- o.f.c.i.c.DbMigrate - Current version of schema "public": 3
18:12:27 [restartedMain] INFO    --- o.f.c.i.c.DbMigrate - Schema "public" is up to date. No migration necessary.
18:12:27 [restartedMain] INFO    --- o.h.j.i.u.LogHelper - HHH000204: Processing PersistenceUnitInfo [name: default]
18:12:27 [restartedMain] INFO    --- o.h.d.Dialect - HHH000400: Using dialect: org.hibernate.dialect.PostgreSQL10Dialect
18:12:28 [restartedMain] INFO    --- o.h.e.t.j.p.i.JtaPlatformInitiator - HHH000490: Using JtaPlatform implementation: [org.hibernate.engine.transaction.jta.platform.internal.NoJtaPlatform]
18:12:28 [restartedMain] INFO    --- o.s.o.j.LocalContainerEntityManagerFactoryBean - Initialized JPA EntityManagerFactory for persistence unit 'default'
18:12:28 [restartedMain] WARN    --- o.s.b.a.o.j.JpaBaseConfiguration$JpaWebConfiguration - spring.jpa.open-in-view is enabled by default. Therefore, database queries may be performed during view rendering. Explicitly configure spring.jpa.open-in-view to disable this warning
18:12:28 [restartedMain] INFO    --- o.s.b.a.e.w.EndpointLinksResolver - Exposing 1 endpoint(s) beneath base path '/actuator'
18:12:28 [restartedMain] INFO    --- s.d.s.w.PropertySourcedRequestMappingHandlerMapping - Mapped URL path [/v2/api-docs] onto method [springfox.documentation.swagger2.web.Swagger2Controller#getDocumentation(String, HttpServletRequest)]
18:12:28 [restartedMain] INFO    --- o.s.b.d.a.OptionalLiveReloadServer - LiveReload server is running on port 35729
18:12:28 [restartedMain] INFO    --- o.a.c.h.Http11NioProtocol - Starting ProtocolHandler ["http-nio-8080"]
18:12:28 [restartedMain] INFO    --- o.s.b.w.e.t.TomcatWebServer - Tomcat started on port(s): 8080 (http) with context path ''
18:12:28 [restartedMain] INFO    --- s.d.s.w.p.DocumentationPluginsBootstrapper - Context refreshed
18:12:28 [restartedMain] INFO    --- s.d.s.w.p.DocumentationPluginsBootstrapper - Found 1 custom documentation plugin(s)
18:12:28 [restartedMain] INFO    --- s.d.s.w.s.ApiListingReferenceScanner - Scanning for api listing references
18:12:28 [restartedMain] INFO    --- c.j.j.Java16GiraCanglvApplication - Started Java16GiraCanglvApplication in 1.158 seconds (JVM running for 10782.006)
18:12:28 [restartedMain] INFO    --- o.s.b.d.a.ConditionEvaluationDeltaLoggingListener - Condition evaluation delta:


==========================
CONDITION EVALUATION DELTA
==========================


Positive matches:
-----------------

   Swagger2DocumentationConfiguration matched:
      - @ConditionalOnWebApplication (required) found 'session' scope (OnWebApplicationCondition)


Negative matches:
-----------------

   ValidationAutoConfiguration#defaultValidator:
      Did not match:
         - @ConditionalOnMissingBean (types: javax.validation.Validator; SearchStrategy: all) found beans of type 'javax.validation.Validator' validator (OnBeanCondition)


Exclusions:
-----------

    None


Unconditional classes:
----------------------

    None



18:12:57 [SpringApplicationShutdownHook] INFO    --- o.s.o.j.LocalContainerEntityManagerFactoryBean - Closing JPA EntityManagerFactory for persistence unit 'default'
18:12:57 [SpringApplicationShutdownHook] INFO    --- c.z.h.HikariDataSource - HikariPool-4 - Shutdown initiated...
18:12:57 [SpringApplicationShutdownHook] INFO    --- c.z.h.HikariDataSource - HikariPool-4 - Shutdown completed.
