16:47:31 [background-preinit] INFO    --- o.h.v.i.u.Version - HV000001: Hibernate Validator 6.2.2.Final
16:47:31 [restartedMain] INFO    --- c.j.j.Java16GiraCanglvApplication - Starting Java16GiraCanglvApplication using Java 17.0.2 on LAP14426 with PID 13400 (D:\JAVA BACKEND\java16-gira-canglv-lap\java16-gira-canglv\target\classes started by MININT-097C159-local in D:\JAVA BACKEND\java16-gira-canglv-lap\java16-gira-canglv)
16:47:31 [restartedMain] INFO    --- c.j.j.Java16GiraCanglvApplication - No active profile set, falling back to 1 default profile: "default"
16:47:31 [restartedMain] INFO    --- o.s.b.d.e.DevToolsPropertyDefaultsPostProcessor - Devtools property defaults active! Set 'spring.devtools.add-properties' to 'false' to disable
16:47:31 [restartedMain] INFO    --- o.s.b.d.e.DevToolsPropertyDefaultsPostProcessor - For additional web related logging consider setting the 'logging.level.web' property to 'DEBUG'
16:47:33 [restartedMain] INFO    --- o.s.d.r.c.RepositoryConfigurationDelegate - Bootstrapping Spring Data JPA repositories in DEFAULT mode.
16:47:33 [restartedMain] INFO    --- o.s.d.r.c.RepositoryConfigurationDelegate - Finished Spring Data repository scanning in 116 ms. Found 3 JPA repository interfaces.
16:47:36 [restartedMain] INFO    --- o.s.b.w.e.t.TomcatWebServer - Tomcat initialized with port(s): 8080 (http)
16:47:36 [restartedMain] INFO    --- o.a.c.h.Http11NioProtocol - Initializing ProtocolHandler ["http-nio-8080"]
16:47:36 [restartedMain] INFO    --- o.a.c.c.StandardService - Starting service [Tomcat]
16:47:36 [restartedMain] INFO    --- o.a.c.c.StandardEngine - Starting Servlet engine: [Apache Tomcat/9.0.58]
16:47:36 [restartedMain] INFO    --- o.a.c.c.C.[.[.[/] - Initializing Spring embedded WebApplicationContext
16:47:36 [restartedMain] INFO    --- o.s.b.w.s.c.ServletWebServerApplicationContext - Root WebApplicationContext: initialization completed in 5137 ms
16:47:37 [restartedMain] INFO    --- c.z.h.HikariDataSource - HikariPool-1 - Starting...
16:47:38 [restartedMain] INFO    --- c.z.h.HikariDataSource - HikariPool-1 - Start completed.
16:47:38 [restartedMain] INFO    --- o.f.c.i.l.VersionPrinter - Flyway Community Edition 8.5.2 by Redgate
16:47:38 [restartedMain] INFO    --- o.f.c.i.l.VersionPrinter - See what's new here: https://flywaydb.org/documentation/learnmore/releaseNotes#8.5.2
16:47:38 [restartedMain] INFO    --- o.f.c.i.l.VersionPrinter - 
16:47:38 [restartedMain] INFO    --- o.f.c.i.d.b.BaseDatabaseType - Database: jdbc:postgresql://localhost:5432/gira-lap (PostgreSQL 14.2)
16:47:38 [restartedMain] INFO    --- o.f.c.i.c.DbValidate - Successfully validated 2 migrations (execution time 00:00.046s)
16:47:38 [restartedMain] INFO    --- o.f.c.i.s.JdbcTableSchemaHistory - Creating Schema History table "public"."flyway_schema_history" ...
16:47:38 [restartedMain] INFO    --- o.f.c.i.c.DbMigrate - Current version of schema "public": << Empty Schema >>
16:47:38 [restartedMain] INFO    --- o.f.c.i.c.DbMigrate - Migrating schema "public" to version "1 - Init role module"
16:47:38 [restartedMain] INFO    --- o.f.c.i.c.DbMigrate - Migrating schema "public" to version "3 - add user model"
16:47:38 [restartedMain] INFO    --- o.f.c.i.c.DbMigrate - Successfully applied 2 migrations to schema "public", now at version v3 (execution time 00:00.108s)
16:47:38 [restartedMain] INFO    --- o.h.j.i.u.LogHelper - HHH000204: Processing PersistenceUnitInfo [name: default]
16:47:39 [restartedMain] INFO    --- o.h.Version - HHH000412: Hibernate ORM core version 5.4.33
16:47:39 [restartedMain] INFO    --- o.h.a.c.Version - HCANN000001: Hibernate Commons Annotations {5.1.2.Final}
16:47:39 [restartedMain] INFO    --- o.h.d.Dialect - HHH000400: Using dialect: org.hibernate.dialect.PostgreSQL10Dialect
16:47:42 [restartedMain] INFO    --- o.h.e.t.j.p.i.JtaPlatformInitiator - HHH000490: Using JtaPlatform implementation: [org.hibernate.engine.transaction.jta.platform.internal.NoJtaPlatform]
16:47:42 [restartedMain] INFO    --- o.s.o.j.LocalContainerEntityManagerFactoryBean - Initialized JPA EntityManagerFactory for persistence unit 'default'
16:47:43 [restartedMain] WARN    --- o.s.b.a.o.j.JpaBaseConfiguration$JpaWebConfiguration - spring.jpa.open-in-view is enabled by default. Therefore, database queries may be performed during view rendering. Explicitly configure spring.jpa.open-in-view to disable this warning
16:47:44 [restartedMain] WARN    --- o.s.b.w.s.c.AnnotationConfigServletWebServerApplicationContext - Exception encountered during context initialization - cancelling refresh attempt: org.springframework.beans.factory.UnsatisfiedDependencyException: Error creating bean with name 'securityConfig': Unsatisfied dependency expressed through field 'jwtAuthorizationFilter'; nested exception is org.springframework.beans.factory.NoSuchBeanDefinitionException: No qualifying bean of type 'cybersoft.javabackend.java16giracanglv.security.jwt.JwtAuthorizationFilter' available: expected at least 1 bean which qualifies as autowire candidate. Dependency annotations: {@org.springframework.beans.factory.annotation.Autowired(required=true)}
16:47:44 [restartedMain] INFO    --- o.s.o.j.LocalContainerEntityManagerFactoryBean - Closing JPA EntityManagerFactory for persistence unit 'default'
16:47:44 [restartedMain] INFO    --- c.z.h.HikariDataSource - HikariPool-1 - Shutdown initiated...
16:47:44 [restartedMain] INFO    --- c.z.h.HikariDataSource - HikariPool-1 - Shutdown completed.
16:47:44 [restartedMain] INFO    --- o.a.c.c.StandardService - Stopping service [Tomcat]
16:47:44 [restartedMain] INFO    --- o.s.b.a.l.ConditionEvaluationReportLoggingListener - 

Error starting ApplicationContext. To display the conditions report re-run your application with 'debug' enabled.
16:47:44 [restartedMain] ERROR   --- o.s.b.d.LoggingFailureAnalysisReporter - 

***************************
APPLICATION FAILED TO START
***************************

Description:

Field jwtAuthorizationFilter in cybersoft.javabackend.java16giracanglv.security.config.SecurityConfig required a bean of type 'cybersoft.javabackend.java16giracanglv.security.jwt.JwtAuthorizationFilter' that could not be found.

The injection point has the following annotations:
	- @org.springframework.beans.factory.annotation.Autowired(required=true)


Action:

Consider defining a bean of type 'cybersoft.javabackend.java16giracanglv.security.jwt.JwtAuthorizationFilter' in your configuration.

